# JRE version: OpenJDK Runtime Environment Corretto-17.0.9.8.1 (17.0.9+8) (build 17.0.9+8-LTS)
# Java VM: OpenJDK 64-Bit Server VM Corretto-17.0.9.8.1 (17.0.9+8-LTS, mixed mode, sharing, tiered, compressed oops, compressed class ptrs, g1 gc, windows-amd64)
GC Precious Log:
 CPUs: 16 total, 16 available
 Memory: 7528M
 Large Page Support: Disabled
 NUMA Support: Disabled
 Compressed Oops: Enabled (32-bit)
 Heap Region Size: 1M
 Heap Min Capacity: 8M
 Heap Initial Capacity: 118M
 Heap Max Capacity: 1884M
 Pre-touch: Disabled
 Parallel Workers: 13
 Concurrent Workers: 3
 Concurrent Refinement Workers: 13
 Periodic GC: Disabled
Heap:
 garbage-first heap   total 51200K, used 26314K [0x000000008a400000, 0x0000000100000000)
  region size 1024K, 9 young (9216K), 3 survivors (3072K)
 Metaspace       used 31132K, committed 31424K, reserved 1114112K
  class space    used 4027K, committed 4160K, reserved 1048576K
GC Heap History (14 events):
Event: 1.899 GC heap before
{Heap before GC invocations=0 (full 0):
 garbage-first heap   total 120832K, used 22528K [0x000000008a400000, 0x0000000100000000)
  region size 1024K, 23 young (23552K), 0 survivors (0K)
 Metaspace       used 4248K, committed 4416K, reserved 1114112K
  class space    used 417K, committed 512K, reserved 1048576K
}
Event: 1.906 GC heap after
{Heap after GC invocations=1 (full 0):
 garbage-first heap   total 120832K, used 4519K [0x000000008a400000, 0x0000000100000000)
  region size 1024K, 3 young (3072K), 3 survivors (3072K)
 Metaspace       used 4248K, committed 4416K, reserved 1114112K
  class space    used 417K, committed 512K, reserved 1048576K
}
Event: 3.595 GC heap before
{Heap before GC invocations=1 (full 0):
 garbage-first heap   total 120832K, used 33191K [0x000000008a400000, 0x0000000100000000)
  region size 1024K, 32 young (32768K), 3 survivors (3072K)
 Metaspace       used 12346K, committed 12608K, reserved 1114112K
  class space    used 1623K, committed 1728K, reserved 1048576K
}
Event: 3.605 GC heap after
{Heap after GC invocations=2 (full 0):
 garbage-first heap   total 120832K, used 8305K [0x000000008a400000, 0x0000000100000000)
  region size 1024K, 4 young (4096K), 4 survivors (4096K)
 Metaspace       used 12346K, committed 12608K, reserved 1114112K
  class space    used 1623K, committed 1728K, reserved 1048576K
}
Event: 15.551 GC heap before
{Heap before GC invocations=2 (full 0):
 garbage-first heap   total 120832K, used 45169K [0x000000008a400000, 0x0000000100000000)
  region size 1024K, 40 young (40960K), 4 survivors (4096K)
 Metaspace       used 21330K, committed 21504K, reserved 1114112K
  class space    used 2925K, committed 3008K, reserved 1048576K
}
Event: 15.562 GC heap after
{Heap after GC invocations=3 (full 0):
 garbage-first heap   total 120832K, used 12817K [0x000000008a400000, 0x0000000100000000)
  region size 1024K, 7 young (7168K), 7 survivors (7168K)
 Metaspace       used 21330K, committed 21504K, reserved 1114112K
  class space    used 2925K, committed 3008K, reserved 1048576K
}
Event: 40.849 GC heap before
{Heap before GC invocations=4 (full 0):
 garbage-first heap   total 51200K, used 35345K [0x000000008a400000, 0x0000000100000000)
  region size 1024K, 30 young (30720K), 7 survivors (7168K)
 Metaspace       used 26371K, committed 26688K, reserved 1114112K
  class space    used 3433K, committed 3584K, reserved 1048576K
}
Event: 40.866 GC heap after
{Heap after GC invocations=5 (full 0):
 garbage-first heap   total 51200K, used 15368K [0x000000008a400000, 0x0000000100000000)
  region size 1024K, 3 young (3072K), 3 survivors (3072K)
 Metaspace       used 26371K, committed 26688K, reserved 1114112K
  class space    used 3433K, committed 3584K, reserved 1048576K
}
Event: 40.984 GC heap before
{Heap before GC invocations=5 (full 0):
 garbage-first heap   total 51200K, used 16392K [0x000000008a400000, 0x0000000100000000)
  region size 1024K, 4 young (4096K), 3 survivors (3072K)
 Metaspace       used 27243K, committed 27456K, reserved 1114112K
  class space    used 3486K, committed 3584K, reserved 1048576K
}
Event: 40.990 GC heap after
{Heap after GC invocations=6 (full 0):
 garbage-first heap   total 51200K, used 15593K [0x000000008a400000, 0x0000000100000000)
  region size 1024K, 1 young (1024K), 1 survivors (1024K)
 Metaspace       used 27243K, committed 27456K, reserved 1114112K
  class space    used 3486K, committed 3584K, reserved 1048576K
}
Event: 49.499 GC heap before
{Heap before GC invocations=6 (full 0):
 garbage-first heap   total 51200K, used 35049K [0x000000008a400000, 0x0000000100000000)
  region size 1024K, 21 young (21504K), 1 survivors (1024K)
 Metaspace       used 29419K, committed 29632K, reserved 1114112K
  class space    used 3749K, committed 3840K, reserved 1048576K
}
Event: 49.505 GC heap after
{Heap after GC invocations=7 (full 0):
 garbage-first heap   total 51200K, used 17605K [0x000000008a400000, 0x0000000100000000)
  region size 1024K, 3 young (3072K), 3 survivors (3072K)
 Metaspace       used 29419K, committed 29632K, reserved 1114112K
  class space    used 3749K, committed 3840K, reserved 1048576K
}
Event: 63.302 GC heap before
{Heap before GC invocations=7 (full 0):
 garbage-first heap   total 51200K, used 37061K [0x000000008a400000, 0x0000000100000000)
  region size 1024K, 22 young (22528K), 3 survivors (3072K)
 Metaspace       used 30996K, committed 31296K, reserved 1114112K
  class space    used 4023K, committed 4160K, reserved 1048576K
}
Event: 63.313 GC heap after
{Heap after GC invocations=8 (full 0):
 garbage-first heap   total 51200K, used 21194K [0x000000008a400000, 0x0000000100000000)
  region size 1024K, 3 young (3072K), 3 survivors (3072K)
 Metaspace       used 30996K, committed 31296K, reserved 1114112K
  class space    used 4023K, committed 4160K, reserved 1048576K
}

